2025-01-01 update database schema [1]
2025-01-01 add example file [2]
2025-01-01 fix warnings [3]
2025-01-01 add comments [4]
2025-01-01 add integration tests [5]
2025-01-01 better error handling [6]
2025-01-01 patch memory leak [7]
2025-01-01 typo fix [8]
2025-01-01 patch vulnerability [9]
2025-01-01 remove test code [10]
2025-01-01 temporary fix [11]
2025-01-01 reformat code [12]
2025-01-01 add helper function [13]
2025-01-01 fix typo in docs [14]
2025-01-01 restructure modules [15]
2025-01-01 experimental changes [16]
2025-01-01 cleanup code [17]
2025-01-01 update feature [18]
2025-01-01 update roadmap [19]
2025-01-01 update build script [20]
2025-01-01 improve caching [21]
2025-01-01 restructure modules [22]
2025-01-01 improve performance [23]
2025-01-01 minor refactor [24]
2025-01-02 adjust validation rules [1]
2025-01-02 adjust validation rules [2]
2025-01-02 better error handling [3]
2025-01-02 fix timezone issue [4]
2025-01-02 enhance error reporting [5]
2025-01-02 update constants [6]
2025-01-02 patch vulnerability [7]
2025-01-02 restructure modules [8]
2025-01-02 add TODOs [9]
2025-01-02 update configs [10]
2025-01-02 fix typo in code [11]
2025-01-02 refactor tests [12]
2025-01-02 temporary fix [13]
2025-01-02 update schema migration [14]
2025-01-02 update gitignore [15]
2025-01-02 fix edge case [16]
2025-01-02 better error handling [17]
2025-01-02 add example file [18]
2025-01-02 update logging [19]
2025-01-02 fix warnings [20]
2025-01-02 update API keys [21]
2025-01-02 adjust validation rules [22]
